2018-12-18 7:21:02 - PHP Warning:  Use of undefined constant DB_DRIVER - assumed 'DB_DRIVER' (this will throw an Error in a future version of PHP) in C:\xampp\htdocs\opencart\upload\install\controller\startup\database.php on line 19
2018-12-18 7:21:02 - PHP Warning:  Use of undefined constant DB_HOSTNAME - assumed 'DB_HOSTNAME' (this will throw an Error in a future version of PHP) in C:\xampp\htdocs\opencart\upload\install\controller\startup\database.php on line 19
2018-12-18 7:21:02 - PHP Warning:  Use of undefined constant DB_USERNAME - assumed 'DB_USERNAME' (this will throw an Error in a future version of PHP) in C:\xampp\htdocs\opencart\upload\install\controller\startup\database.php on line 19
2018-12-18 7:21:02 - PHP Warning:  Use of undefined constant DB_PASSWORD - assumed 'DB_PASSWORD' (this will throw an Error in a future version of PHP) in C:\xampp\htdocs\opencart\upload\install\controller\startup\database.php on line 19
2018-12-18 7:21:02 - PHP Warning:  Use of undefined constant DB_DATABASE - assumed 'DB_DATABASE' (this will throw an Error in a future version of PHP) in C:\xampp\htdocs\opencart\upload\install\controller\startup\database.php on line 19
2018-12-18 7:21:09 - PHP Warning:  Use of undefined constant DB_DRIVER - assumed 'DB_DRIVER' (this will throw an Error in a future version of PHP) in C:\xampp\htdocs\opencart\upload\install\controller\startup\database.php on line 19
2018-12-18 7:21:09 - PHP Warning:  Use of undefined constant DB_HOSTNAME - assumed 'DB_HOSTNAME' (this will throw an Error in a future version of PHP) in C:\xampp\htdocs\opencart\upload\install\controller\startup\database.php on line 19
2018-12-18 7:21:09 - PHP Warning:  Use of undefined constant DB_USERNAME - assumed 'DB_USERNAME' (this will throw an Error in a future version of PHP) in C:\xampp\htdocs\opencart\upload\install\controller\startup\database.php on line 19
2018-12-18 7:21:09 - PHP Warning:  Use of undefined constant DB_PASSWORD - assumed 'DB_PASSWORD' (this will throw an Error in a future version of PHP) in C:\xampp\htdocs\opencart\upload\install\controller\startup\database.php on line 19
2018-12-18 7:21:09 - PHP Warning:  Use of undefined constant DB_DATABASE - assumed 'DB_DATABASE' (this will throw an Error in a future version of PHP) in C:\xampp\htdocs\opencart\upload\install\controller\startup\database.php on line 19
2018-12-21 13:13:44 - PHP Notice:  Undefined index: USD in C:\xampp\htdocs\opencart\upload\system\library\cart\currency.php on line 25
2018-12-21 13:13:44 - PHP Notice:  Undefined index: USD in C:\xampp\htdocs\opencart\upload\system\library\cart\currency.php on line 26
2018-12-21 13:13:44 - PHP Notice:  Undefined index: USD in C:\xampp\htdocs\opencart\upload\system\library\cart\currency.php on line 27
2018-12-21 13:13:44 - PHP Notice:  Undefined index: USD in C:\xampp\htdocs\opencart\upload\system\library\cart\currency.php on line 30
2018-12-21 13:13:44 - PHP Notice:  Undefined index: USD in C:\xampp\htdocs\opencart\upload\system\library\cart\currency.php on line 25
2018-12-21 13:13:44 - PHP Notice:  Undefined index: USD in C:\xampp\htdocs\opencart\upload\system\library\cart\currency.php on line 26
2018-12-21 13:13:44 - PHP Notice:  Undefined index: USD in C:\xampp\htdocs\opencart\upload\system\library\cart\currency.php on line 27
2018-12-21 13:13:44 - PHP Notice:  Undefined index: USD in C:\xampp\htdocs\opencart\upload\system\library\cart\currency.php on line 30
2018-12-21 13:13:44 - PHP Notice:  Undefined index: USD in C:\xampp\htdocs\opencart\upload\system\library\cart\currency.php on line 25
2018-12-21 13:13:44 - PHP Notice:  Undefined index: USD in C:\xampp\htdocs\opencart\upload\system\library\cart\currency.php on line 26
2018-12-21 13:13:44 - PHP Notice:  Undefined index: USD in C:\xampp\htdocs\opencart\upload\system\library\cart\currency.php on line 27
2018-12-21 13:13:44 - PHP Notice:  Undefined index: USD in C:\xampp\htdocs\opencart\upload\system\library\cart\currency.php on line 30
2018-12-21 13:13:44 - PHP Notice:  Undefined index: USD in C:\xampp\htdocs\opencart\upload\system\library\cart\currency.php on line 25
2018-12-21 13:13:44 - PHP Notice:  Undefined index: USD in C:\xampp\htdocs\opencart\upload\system\library\cart\currency.php on line 26
2018-12-21 13:13:44 - PHP Notice:  Undefined index: USD in C:\xampp\htdocs\opencart\upload\system\library\cart\currency.php on line 27
2018-12-21 13:13:44 - PHP Notice:  Undefined index: USD in C:\xampp\htdocs\opencart\upload\system\library\cart\currency.php on line 30
2018-12-21 13:13:44 - PHP Notice:  Undefined index: USD in C:\xampp\htdocs\opencart\upload\system\library\cart\currency.php on line 25
2018-12-21 13:13:44 - PHP Notice:  Undefined index: USD in C:\xampp\htdocs\opencart\upload\system\library\cart\currency.php on line 26
2018-12-21 13:13:44 - PHP Notice:  Undefined index: USD in C:\xampp\htdocs\opencart\upload\system\library\cart\currency.php on line 27
2018-12-21 13:13:44 - PHP Notice:  Undefined index: USD in C:\xampp\htdocs\opencart\upload\system\library\cart\currency.php on line 30
2018-12-21 13:13:44 - PHP Notice:  Undefined index: USD in C:\xampp\htdocs\opencart\upload\system\library\cart\currency.php on line 25
2018-12-21 13:13:44 - PHP Notice:  Undefined index: USD in C:\xampp\htdocs\opencart\upload\system\library\cart\currency.php on line 26
2018-12-21 13:13:44 - PHP Notice:  Undefined index: USD in C:\xampp\htdocs\opencart\upload\system\library\cart\currency.php on line 27
2018-12-21 13:13:44 - PHP Notice:  Undefined index: USD in C:\xampp\htdocs\opencart\upload\system\library\cart\currency.php on line 30
2018-12-21 13:13:44 - PHP Notice:  Undefined index: USD in C:\xampp\htdocs\opencart\upload\system\library\cart\currency.php on line 25
2018-12-21 13:13:44 - PHP Notice:  Undefined index: USD in C:\xampp\htdocs\opencart\upload\system\library\cart\currency.php on line 26
2018-12-21 13:13:44 - PHP Notice:  Undefined index: USD in C:\xampp\htdocs\opencart\upload\system\library\cart\currency.php on line 27
2018-12-21 13:13:44 - PHP Notice:  Undefined index: USD in C:\xampp\htdocs\opencart\upload\system\library\cart\currency.php on line 30
2018-12-21 13:13:44 - PHP Notice:  Undefined index: USD in C:\xampp\htdocs\opencart\upload\system\library\cart\currency.php on line 25
2018-12-21 13:13:44 - PHP Notice:  Undefined index: USD in C:\xampp\htdocs\opencart\upload\system\library\cart\currency.php on line 26
2018-12-21 13:13:44 - PHP Notice:  Undefined index: USD in C:\xampp\htdocs\opencart\upload\system\library\cart\currency.php on line 27
2018-12-21 13:13:44 - PHP Notice:  Undefined index: USD in C:\xampp\htdocs\opencart\upload\system\library\cart\currency.php on line 30
2018-12-21 13:13:44 - PHP Notice:  Undefined index: USD in C:\xampp\htdocs\opencart\upload\system\library\cart\currency.php on line 25
2018-12-21 13:13:44 - PHP Notice:  Undefined index: USD in C:\xampp\htdocs\opencart\upload\system\library\cart\currency.php on line 26
2018-12-21 13:13:44 - PHP Notice:  Undefined index: USD in C:\xampp\htdocs\opencart\upload\system\library\cart\currency.php on line 27
2018-12-21 13:13:44 - PHP Notice:  Undefined index: USD in C:\xampp\htdocs\opencart\upload\system\library\cart\currency.php on line 30
2018-12-21 13:13:44 - PHP Notice:  Undefined index: USD in C:\xampp\htdocs\opencart\upload\system\library\cart\currency.php on line 25
2018-12-21 13:13:44 - PHP Notice:  Undefined index: USD in C:\xampp\htdocs\opencart\upload\system\library\cart\currency.php on line 26
2018-12-21 13:13:44 - PHP Notice:  Undefined index: USD in C:\xampp\htdocs\opencart\upload\system\library\cart\currency.php on line 27
2018-12-21 13:13:44 - PHP Notice:  Undefined index: USD in C:\xampp\htdocs\opencart\upload\system\library\cart\currency.php on line 30
2018-12-21 13:13:44 - PHP Notice:  Undefined index: USD in C:\xampp\htdocs\opencart\upload\system\library\cart\currency.php on line 25
2018-12-21 13:13:44 - PHP Notice:  Undefined index: USD in C:\xampp\htdocs\opencart\upload\system\library\cart\currency.php on line 26
2018-12-21 13:13:44 - PHP Notice:  Undefined index: USD in C:\xampp\htdocs\opencart\upload\system\library\cart\currency.php on line 27
2018-12-21 13:13:44 - PHP Notice:  Undefined index: USD in C:\xampp\htdocs\opencart\upload\system\library\cart\currency.php on line 30
2018-12-21 13:13:44 - PHP Notice:  Undefined index: USD in C:\xampp\htdocs\opencart\upload\system\library\cart\currency.php on line 25
2018-12-21 13:13:44 - PHP Notice:  Undefined index: USD in C:\xampp\htdocs\opencart\upload\system\library\cart\currency.php on line 26
2018-12-21 13:13:44 - PHP Notice:  Undefined index: USD in C:\xampp\htdocs\opencart\upload\system\library\cart\currency.php on line 27
2018-12-21 13:13:44 - PHP Notice:  Undefined index: USD in C:\xampp\htdocs\opencart\upload\system\library\cart\currency.php on line 30
2018-12-21 13:13:44 - PHP Notice:  Undefined index: USD in C:\xampp\htdocs\opencart\upload\system\library\cart\currency.php on line 25
2018-12-21 13:13:44 - PHP Notice:  Undefined index: USD in C:\xampp\htdocs\opencart\upload\system\library\cart\currency.php on line 26
2018-12-21 13:13:44 - PHP Notice:  Undefined index: USD in C:\xampp\htdocs\opencart\upload\system\library\cart\currency.php on line 27
2018-12-21 13:13:44 - PHP Notice:  Undefined index: USD in C:\xampp\htdocs\opencart\upload\system\library\cart\currency.php on line 30
2018-12-21 13:15:17 - PHP Notice:  Undefined index: USD in C:\xampp\htdocs\opencart\upload\system\library\cart\currency.php on line 25
2018-12-21 13:15:17 - PHP Notice:  Undefined index: USD in C:\xampp\htdocs\opencart\upload\system\library\cart\currency.php on line 26
2018-12-21 13:15:17 - PHP Notice:  Undefined index: USD in C:\xampp\htdocs\opencart\upload\system\library\cart\currency.php on line 27
2018-12-21 13:15:17 - PHP Notice:  Undefined index: USD in C:\xampp\htdocs\opencart\upload\system\library\cart\currency.php on line 30
2018-12-21 13:15:17 - PHP Notice:  Undefined index: USD in C:\xampp\htdocs\opencart\upload\system\library\cart\currency.php on line 25
2018-12-21 13:15:17 - PHP Notice:  Undefined index: USD in C:\xampp\htdocs\opencart\upload\system\library\cart\currency.php on line 26
2018-12-21 13:15:17 - PHP Notice:  Undefined index: USD in C:\xampp\htdocs\opencart\upload\system\library\cart\currency.php on line 27
2018-12-21 13:15:17 - PHP Notice:  Undefined index: USD in C:\xampp\htdocs\opencart\upload\system\library\cart\currency.php on line 30
2018-12-21 13:15:17 - PHP Notice:  Undefined index: USD in C:\xampp\htdocs\opencart\upload\system\library\cart\currency.php on line 25
2018-12-21 13:15:17 - PHP Notice:  Undefined index: USD in C:\xampp\htdocs\opencart\upload\system\library\cart\currency.php on line 26
2018-12-21 13:15:17 - PHP Notice:  Undefined index: USD in C:\xampp\htdocs\opencart\upload\system\library\cart\currency.php on line 27
2018-12-21 13:15:17 - PHP Notice:  Undefined index: USD in C:\xampp\htdocs\opencart\upload\system\library\cart\currency.php on line 30
2018-12-21 13:15:17 - PHP Notice:  Undefined index: USD in C:\xampp\htdocs\opencart\upload\system\library\cart\currency.php on line 25
2018-12-21 13:15:17 - PHP Notice:  Undefined index: USD in C:\xampp\htdocs\opencart\upload\system\library\cart\currency.php on line 26
2018-12-21 13:15:17 - PHP Notice:  Undefined index: USD in C:\xampp\htdocs\opencart\upload\system\library\cart\currency.php on line 27
2018-12-21 13:15:17 - PHP Notice:  Undefined index: USD in C:\xampp\htdocs\opencart\upload\system\library\cart\currency.php on line 30
2018-12-21 13:15:17 - PHP Notice:  Undefined index: USD in C:\xampp\htdocs\opencart\upload\system\library\cart\currency.php on line 25
2018-12-21 13:15:17 - PHP Notice:  Undefined index: USD in C:\xampp\htdocs\opencart\upload\system\library\cart\currency.php on line 26
2018-12-21 13:15:17 - PHP Notice:  Undefined index: USD in C:\xampp\htdocs\opencart\upload\system\library\cart\currency.php on line 27
2018-12-21 13:15:17 - PHP Notice:  Undefined index: USD in C:\xampp\htdocs\opencart\upload\system\library\cart\currency.php on line 30
2018-12-21 13:15:17 - PHP Notice:  Undefined index: USD in C:\xampp\htdocs\opencart\upload\system\library\cart\currency.php on line 25
2018-12-21 13:15:17 - PHP Notice:  Undefined index: USD in C:\xampp\htdocs\opencart\upload\system\library\cart\currency.php on line 26
2018-12-21 13:15:17 - PHP Notice:  Undefined index: USD in C:\xampp\htdocs\opencart\upload\system\library\cart\currency.php on line 27
2018-12-21 13:15:17 - PHP Notice:  Undefined index: USD in C:\xampp\htdocs\opencart\upload\system\library\cart\currency.php on line 30
2018-12-21 13:15:17 - PHP Notice:  Undefined index: USD in C:\xampp\htdocs\opencart\upload\system\library\cart\currency.php on line 25
2018-12-21 13:15:17 - PHP Notice:  Undefined index: USD in C:\xampp\htdocs\opencart\upload\system\library\cart\currency.php on line 26
2018-12-21 13:15:17 - PHP Notice:  Undefined index: USD in C:\xampp\htdocs\opencart\upload\system\library\cart\currency.php on line 27
2018-12-21 13:15:17 - PHP Notice:  Undefined index: USD in C:\xampp\htdocs\opencart\upload\system\library\cart\currency.php on line 30
2018-12-21 13:15:17 - PHP Notice:  Undefined index: USD in C:\xampp\htdocs\opencart\upload\system\library\cart\currency.php on line 25
2018-12-21 13:15:17 - PHP Notice:  Undefined index: USD in C:\xampp\htdocs\opencart\upload\system\library\cart\currency.php on line 26
2018-12-21 13:15:17 - PHP Notice:  Undefined index: USD in C:\xampp\htdocs\opencart\upload\system\library\cart\currency.php on line 27
2018-12-21 13:15:17 - PHP Notice:  Undefined index: USD in C:\xampp\htdocs\opencart\upload\system\library\cart\currency.php on line 30
2018-12-21 13:15:17 - PHP Notice:  Undefined index: USD in C:\xampp\htdocs\opencart\upload\system\library\cart\currency.php on line 25
2018-12-21 13:15:17 - PHP Notice:  Undefined index: USD in C:\xampp\htdocs\opencart\upload\system\library\cart\currency.php on line 26
2018-12-21 13:15:17 - PHP Notice:  Undefined index: USD in C:\xampp\htdocs\opencart\upload\system\library\cart\currency.php on line 27
2018-12-21 13:15:17 - PHP Notice:  Undefined index: USD in C:\xampp\htdocs\opencart\upload\system\library\cart\currency.php on line 30
2018-12-21 13:15:17 - PHP Notice:  Undefined index: USD in C:\xampp\htdocs\opencart\upload\system\library\cart\currency.php on line 25
2018-12-21 13:15:17 - PHP Notice:  Undefined index: USD in C:\xampp\htdocs\opencart\upload\system\library\cart\currency.php on line 26
2018-12-21 13:15:17 - PHP Notice:  Undefined index: USD in C:\xampp\htdocs\opencart\upload\system\library\cart\currency.php on line 27
2018-12-21 13:15:17 - PHP Notice:  Undefined index: USD in C:\xampp\htdocs\opencart\upload\system\library\cart\currency.php on line 30
2018-12-21 13:15:17 - PHP Notice:  Undefined index: USD in C:\xampp\htdocs\opencart\upload\system\library\cart\currency.php on line 25
2018-12-21 13:15:17 - PHP Notice:  Undefined index: USD in C:\xampp\htdocs\opencart\upload\system\library\cart\currency.php on line 26
2018-12-21 13:15:17 - PHP Notice:  Undefined index: USD in C:\xampp\htdocs\opencart\upload\system\library\cart\currency.php on line 27
2018-12-21 13:15:17 - PHP Notice:  Undefined index: USD in C:\xampp\htdocs\opencart\upload\system\library\cart\currency.php on line 30
2018-12-21 13:15:17 - PHP Notice:  Undefined index: USD in C:\xampp\htdocs\opencart\upload\system\library\cart\currency.php on line 25
2018-12-21 13:15:17 - PHP Notice:  Undefined index: USD in C:\xampp\htdocs\opencart\upload\system\library\cart\currency.php on line 26
2018-12-21 13:15:17 - PHP Notice:  Undefined index: USD in C:\xampp\htdocs\opencart\upload\system\library\cart\currency.php on line 27
2018-12-21 13:15:17 - PHP Notice:  Undefined index: USD in C:\xampp\htdocs\opencart\upload\system\library\cart\currency.php on line 30
2018-12-21 13:15:17 - PHP Notice:  Undefined index: USD in C:\xampp\htdocs\opencart\upload\system\library\cart\currency.php on line 25
2018-12-21 13:15:17 - PHP Notice:  Undefined index: USD in C:\xampp\htdocs\opencart\upload\system\library\cart\currency.php on line 26
2018-12-21 13:15:17 - PHP Notice:  Undefined index: USD in C:\xampp\htdocs\opencart\upload\system\library\cart\currency.php on line 27
2018-12-21 13:15:17 - PHP Notice:  Undefined index: USD in C:\xampp\htdocs\opencart\upload\system\library\cart\currency.php on line 30
2018-12-21 13:15:19 - PHP Notice:  Undefined index: USD in C:\xampp\htdocs\opencart\upload\system\library\cart\currency.php on line 25
2018-12-21 13:15:19 - PHP Notice:  Undefined index: USD in C:\xampp\htdocs\opencart\upload\system\library\cart\currency.php on line 26
2018-12-21 13:15:19 - PHP Notice:  Undefined index: USD in C:\xampp\htdocs\opencart\upload\system\library\cart\currency.php on line 27
2018-12-21 13:15:19 - PHP Notice:  Undefined index: USD in C:\xampp\htdocs\opencart\upload\system\library\cart\currency.php on line 30
2018-12-21 13:15:19 - PHP Notice:  Undefined index: USD in C:\xampp\htdocs\opencart\upload\system\library\cart\currency.php on line 25
2018-12-21 13:15:19 - PHP Notice:  Undefined index: USD in C:\xampp\htdocs\opencart\upload\system\library\cart\currency.php on line 26
2018-12-21 13:15:19 - PHP Notice:  Undefined index: USD in C:\xampp\htdocs\opencart\upload\system\library\cart\currency.php on line 27
2018-12-21 13:15:19 - PHP Notice:  Undefined index: USD in C:\xampp\htdocs\opencart\upload\system\library\cart\currency.php on line 30
2018-12-21 13:15:19 - PHP Notice:  Undefined index: USD in C:\xampp\htdocs\opencart\upload\system\library\cart\currency.php on line 25
2018-12-21 13:15:19 - PHP Notice:  Undefined index: USD in C:\xampp\htdocs\opencart\upload\system\library\cart\currency.php on line 26
2018-12-21 13:15:19 - PHP Notice:  Undefined index: USD in C:\xampp\htdocs\opencart\upload\system\library\cart\currency.php on line 27
2018-12-21 13:15:19 - PHP Notice:  Undefined index: USD in C:\xampp\htdocs\opencart\upload\system\library\cart\currency.php on line 30
2018-12-21 13:15:19 - PHP Notice:  Undefined index: USD in C:\xampp\htdocs\opencart\upload\system\library\cart\currency.php on line 25
2018-12-21 13:15:19 - PHP Notice:  Undefined index: USD in C:\xampp\htdocs\opencart\upload\system\library\cart\currency.php on line 26
2018-12-21 13:15:19 - PHP Notice:  Undefined index: USD in C:\xampp\htdocs\opencart\upload\system\library\cart\currency.php on line 27
2018-12-21 13:15:19 - PHP Notice:  Undefined index: USD in C:\xampp\htdocs\opencart\upload\system\library\cart\currency.php on line 30
2018-12-21 13:15:19 - PHP Notice:  Undefined index: USD in C:\xampp\htdocs\opencart\upload\system\library\cart\currency.php on line 25
2018-12-21 13:15:19 - PHP Notice:  Undefined index: USD in C:\xampp\htdocs\opencart\upload\system\library\cart\currency.php on line 26
2018-12-21 13:15:19 - PHP Notice:  Undefined index: USD in C:\xampp\htdocs\opencart\upload\system\library\cart\currency.php on line 27
2018-12-21 13:15:19 - PHP Notice:  Undefined index: USD in C:\xampp\htdocs\opencart\upload\system\library\cart\currency.php on line 30
2018-12-21 13:15:19 - PHP Notice:  Undefined index: USD in C:\xampp\htdocs\opencart\upload\system\library\cart\currency.php on line 25
2018-12-21 13:15:19 - PHP Notice:  Undefined index: USD in C:\xampp\htdocs\opencart\upload\system\library\cart\currency.php on line 26
2018-12-21 13:15:19 - PHP Notice:  Undefined index: USD in C:\xampp\htdocs\opencart\upload\system\library\cart\currency.php on line 27
2018-12-21 13:15:19 - PHP Notice:  Undefined index: USD in C:\xampp\htdocs\opencart\upload\system\library\cart\currency.php on line 30
2018-12-21 13:15:19 - PHP Notice:  Undefined index: USD in C:\xampp\htdocs\opencart\upload\system\library\cart\currency.php on line 25
2018-12-21 13:15:19 - PHP Notice:  Undefined index: USD in C:\xampp\htdocs\opencart\upload\system\library\cart\currency.php on line 26
2018-12-21 13:15:19 - PHP Notice:  Undefined index: USD in C:\xampp\htdocs\opencart\upload\system\library\cart\currency.php on line 27
2018-12-21 13:15:19 - PHP Notice:  Undefined index: USD in C:\xampp\htdocs\opencart\upload\system\library\cart\currency.php on line 30
2018-12-21 13:15:19 - PHP Notice:  Undefined index: USD in C:\xampp\htdocs\opencart\upload\system\library\cart\currency.php on line 25
2018-12-21 13:15:19 - PHP Notice:  Undefined index: USD in C:\xampp\htdocs\opencart\upload\system\library\cart\currency.php on line 26
2018-12-21 13:15:19 - PHP Notice:  Undefined index: USD in C:\xampp\htdocs\opencart\upload\system\library\cart\currency.php on line 27
2018-12-21 13:15:19 - PHP Notice:  Undefined index: USD in C:\xampp\htdocs\opencart\upload\system\library\cart\currency.php on line 30
2018-12-21 13:15:19 - PHP Notice:  Undefined index: USD in C:\xampp\htdocs\opencart\upload\system\library\cart\currency.php on line 25
2018-12-21 13:15:19 - PHP Notice:  Undefined index: USD in C:\xampp\htdocs\opencart\upload\system\library\cart\currency.php on line 26
2018-12-21 13:15:19 - PHP Notice:  Undefined index: USD in C:\xampp\htdocs\opencart\upload\system\library\cart\currency.php on line 27
2018-12-21 13:15:19 - PHP Notice:  Undefined index: USD in C:\xampp\htdocs\opencart\upload\system\library\cart\currency.php on line 30
2018-12-21 13:15:19 - PHP Notice:  Undefined index: USD in C:\xampp\htdocs\opencart\upload\system\library\cart\currency.php on line 25
2018-12-21 13:15:19 - PHP Notice:  Undefined index: USD in C:\xampp\htdocs\opencart\upload\system\library\cart\currency.php on line 26
2018-12-21 13:15:19 - PHP Notice:  Undefined index: USD in C:\xampp\htdocs\opencart\upload\system\library\cart\currency.php on line 27
2018-12-21 13:15:19 - PHP Notice:  Undefined index: USD in C:\xampp\htdocs\opencart\upload\system\library\cart\currency.php on line 30
2018-12-21 13:15:19 - PHP Notice:  Undefined index: USD in C:\xampp\htdocs\opencart\upload\system\library\cart\currency.php on line 25
2018-12-21 13:15:19 - PHP Notice:  Undefined index: USD in C:\xampp\htdocs\opencart\upload\system\library\cart\currency.php on line 26
2018-12-21 13:15:19 - PHP Notice:  Undefined index: USD in C:\xampp\htdocs\opencart\upload\system\library\cart\currency.php on line 27
2018-12-21 13:15:19 - PHP Notice:  Undefined index: USD in C:\xampp\htdocs\opencart\upload\system\library\cart\currency.php on line 30
2018-12-21 13:15:19 - PHP Notice:  Undefined index: USD in C:\xampp\htdocs\opencart\upload\system\library\cart\currency.php on line 25
2018-12-21 13:15:19 - PHP Notice:  Undefined index: USD in C:\xampp\htdocs\opencart\upload\system\library\cart\currency.php on line 26
2018-12-21 13:15:19 - PHP Notice:  Undefined index: USD in C:\xampp\htdocs\opencart\upload\system\library\cart\currency.php on line 27
2018-12-21 13:15:19 - PHP Notice:  Undefined index: USD in C:\xampp\htdocs\opencart\upload\system\library\cart\currency.php on line 30
2018-12-21 13:15:19 - PHP Notice:  Undefined index: USD in C:\xampp\htdocs\opencart\upload\system\library\cart\currency.php on line 25
2018-12-21 13:15:19 - PHP Notice:  Undefined index: USD in C:\xampp\htdocs\opencart\upload\system\library\cart\currency.php on line 26
2018-12-21 13:15:19 - PHP Notice:  Undefined index: USD in C:\xampp\htdocs\opencart\upload\system\library\cart\currency.php on line 27
2018-12-21 13:15:19 - PHP Notice:  Undefined index: USD in C:\xampp\htdocs\opencart\upload\system\library\cart\currency.php on line 30
2018-12-21 13:18:22 - PHP Notice:  Undefined index: USD in C:\xampp\htdocs\opencart\upload\system\library\cart\currency.php on line 25
2018-12-21 13:18:22 - PHP Notice:  Undefined index: USD in C:\xampp\htdocs\opencart\upload\system\library\cart\currency.php on line 26
2018-12-21 13:18:22 - PHP Notice:  Undefined index: USD in C:\xampp\htdocs\opencart\upload\system\library\cart\currency.php on line 27
2018-12-21 13:18:22 - PHP Notice:  Undefined index: USD in C:\xampp\htdocs\opencart\upload\system\library\cart\currency.php on line 30
2018-12-21 13:18:22 - PHP Notice:  Undefined index: USD in C:\xampp\htdocs\opencart\upload\system\library\cart\currency.php on line 25
2018-12-21 13:18:22 - PHP Notice:  Undefined index: USD in C:\xampp\htdocs\opencart\upload\system\library\cart\currency.php on line 26
2018-12-21 13:18:22 - PHP Notice:  Undefined index: USD in C:\xampp\htdocs\opencart\upload\system\library\cart\currency.php on line 27
2018-12-21 13:18:22 - PHP Notice:  Undefined index: USD in C:\xampp\htdocs\opencart\upload\system\library\cart\currency.php on line 30
2018-12-21 13:18:22 - PHP Notice:  Undefined index: USD in C:\xampp\htdocs\opencart\upload\system\library\cart\currency.php on line 25
2018-12-21 13:18:22 - PHP Notice:  Undefined index: USD in C:\xampp\htdocs\opencart\upload\system\library\cart\currency.php on line 26
2018-12-21 13:18:22 - PHP Notice:  Undefined index: USD in C:\xampp\htdocs\opencart\upload\system\library\cart\currency.php on line 27
2018-12-21 13:18:22 - PHP Notice:  Undefined index: USD in C:\xampp\htdocs\opencart\upload\system\library\cart\currency.php on line 30
2018-12-21 13:18:22 - PHP Notice:  Undefined index: USD in C:\xampp\htdocs\opencart\upload\system\library\cart\currency.php on line 25
2018-12-21 13:18:22 - PHP Notice:  Undefined index: USD in C:\xampp\htdocs\opencart\upload\system\library\cart\currency.php on line 26
2018-12-21 13:18:22 - PHP Notice:  Undefined index: USD in C:\xampp\htdocs\opencart\upload\system\library\cart\currency.php on line 27
2018-12-21 13:18:22 - PHP Notice:  Undefined index: USD in C:\xampp\htdocs\opencart\upload\system\library\cart\currency.php on line 30
2018-12-21 13:18:22 - PHP Notice:  Undefined index: USD in C:\xampp\htdocs\opencart\upload\system\library\cart\currency.php on line 25
2018-12-21 13:18:22 - PHP Notice:  Undefined index: USD in C:\xampp\htdocs\opencart\upload\system\library\cart\currency.php on line 26
2018-12-21 13:18:22 - PHP Notice:  Undefined index: USD in C:\xampp\htdocs\opencart\upload\system\library\cart\currency.php on line 27
2018-12-21 13:18:22 - PHP Notice:  Undefined index: USD in C:\xampp\htdocs\opencart\upload\system\library\cart\currency.php on line 30
2018-12-21 13:18:22 - PHP Notice:  Undefined index: USD in C:\xampp\htdocs\opencart\upload\system\library\cart\currency.php on line 25
2018-12-21 13:18:22 - PHP Notice:  Undefined index: USD in C:\xampp\htdocs\opencart\upload\system\library\cart\currency.php on line 26
2018-12-21 13:18:22 - PHP Notice:  Undefined index: USD in C:\xampp\htdocs\opencart\upload\system\library\cart\currency.php on line 27
2018-12-21 13:18:22 - PHP Notice:  Undefined index: USD in C:\xampp\htdocs\opencart\upload\system\library\cart\currency.php on line 30
2018-12-21 13:18:22 - PHP Notice:  Undefined index: USD in C:\xampp\htdocs\opencart\upload\system\library\cart\currency.php on line 25
2018-12-21 13:18:22 - PHP Notice:  Undefined index: USD in C:\xampp\htdocs\opencart\upload\system\library\cart\currency.php on line 26
2018-12-21 13:18:22 - PHP Notice:  Undefined index: USD in C:\xampp\htdocs\opencart\upload\system\library\cart\currency.php on line 27
2018-12-21 13:18:22 - PHP Notice:  Undefined index: USD in C:\xampp\htdocs\opencart\upload\system\library\cart\currency.php on line 30
2018-12-21 13:18:22 - PHP Notice:  Undefined index: USD in C:\xampp\htdocs\opencart\upload\system\library\cart\currency.php on line 25
2018-12-21 13:18:22 - PHP Notice:  Undefined index: USD in C:\xampp\htdocs\opencart\upload\system\library\cart\currency.php on line 26
2018-12-21 13:18:22 - PHP Notice:  Undefined index: USD in C:\xampp\htdocs\opencart\upload\system\library\cart\currency.php on line 27
2018-12-21 13:18:22 - PHP Notice:  Undefined index: USD in C:\xampp\htdocs\opencart\upload\system\library\cart\currency.php on line 30
2018-12-21 13:18:22 - PHP Notice:  Undefined index: USD in C:\xampp\htdocs\opencart\upload\system\library\cart\currency.php on line 25
2018-12-21 13:18:22 - PHP Notice:  Undefined index: USD in C:\xampp\htdocs\opencart\upload\system\library\cart\currency.php on line 26
2018-12-21 13:18:22 - PHP Notice:  Undefined index: USD in C:\xampp\htdocs\opencart\upload\system\library\cart\currency.php on line 27
2018-12-21 13:18:22 - PHP Notice:  Undefined index: USD in C:\xampp\htdocs\opencart\upload\system\library\cart\currency.php on line 30
2018-12-21 13:18:22 - PHP Notice:  Undefined index: USD in C:\xampp\htdocs\opencart\upload\system\library\cart\currency.php on line 25
2018-12-21 13:18:22 - PHP Notice:  Undefined index: USD in C:\xampp\htdocs\opencart\upload\system\library\cart\currency.php on line 26
2018-12-21 13:18:22 - PHP Notice:  Undefined index: USD in C:\xampp\htdocs\opencart\upload\system\library\cart\currency.php on line 27
2018-12-21 13:18:22 - PHP Notice:  Undefined index: USD in C:\xampp\htdocs\opencart\upload\system\library\cart\currency.php on line 30
2018-12-21 13:18:22 - PHP Notice:  Undefined index: USD in C:\xampp\htdocs\opencart\upload\system\library\cart\currency.php on line 25
2018-12-21 13:18:22 - PHP Notice:  Undefined index: USD in C:\xampp\htdocs\opencart\upload\system\library\cart\currency.php on line 26
2018-12-21 13:18:22 - PHP Notice:  Undefined index: USD in C:\xampp\htdocs\opencart\upload\system\library\cart\currency.php on line 27
2018-12-21 13:18:22 - PHP Notice:  Undefined index: USD in C:\xampp\htdocs\opencart\upload\system\library\cart\currency.php on line 30
2018-12-21 13:18:22 - PHP Notice:  Undefined index: USD in C:\xampp\htdocs\opencart\upload\system\library\cart\currency.php on line 25
2018-12-21 13:18:22 - PHP Notice:  Undefined index: USD in C:\xampp\htdocs\opencart\upload\system\library\cart\currency.php on line 26
2018-12-21 13:18:22 - PHP Notice:  Undefined index: USD in C:\xampp\htdocs\opencart\upload\system\library\cart\currency.php on line 27
2018-12-21 13:18:22 - PHP Notice:  Undefined index: USD in C:\xampp\htdocs\opencart\upload\system\library\cart\currency.php on line 30
2018-12-21 13:18:22 - PHP Notice:  Undefined index: USD in C:\xampp\htdocs\opencart\upload\system\library\cart\currency.php on line 25
2018-12-21 13:18:22 - PHP Notice:  Undefined index: USD in C:\xampp\htdocs\opencart\upload\system\library\cart\currency.php on line 26
2018-12-21 13:18:22 - PHP Notice:  Undefined index: USD in C:\xampp\htdocs\opencart\upload\system\library\cart\currency.php on line 27
2018-12-21 13:18:22 - PHP Notice:  Undefined index: USD in C:\xampp\htdocs\opencart\upload\system\library\cart\currency.php on line 30
2018-12-21 13:19:44 - PHP Notice:  Undefined index: USD in C:\xampp\htdocs\opencart\upload\system\library\cart\currency.php on line 25
2018-12-21 13:19:44 - PHP Notice:  Undefined index: USD in C:\xampp\htdocs\opencart\upload\system\library\cart\currency.php on line 26
2018-12-21 13:19:44 - PHP Notice:  Undefined index: USD in C:\xampp\htdocs\opencart\upload\system\library\cart\currency.php on line 27
2018-12-21 13:19:44 - PHP Notice:  Undefined index: USD in C:\xampp\htdocs\opencart\upload\system\library\cart\currency.php on line 30
2018-12-21 13:19:44 - PHP Notice:  Undefined index: USD in C:\xampp\htdocs\opencart\upload\system\library\cart\currency.php on line 25
2018-12-21 13:19:44 - PHP Notice:  Undefined index: USD in C:\xampp\htdocs\opencart\upload\system\library\cart\currency.php on line 26
2018-12-21 13:19:44 - PHP Notice:  Undefined index: USD in C:\xampp\htdocs\opencart\upload\system\library\cart\currency.php on line 27
2018-12-21 13:19:44 - PHP Notice:  Undefined index: USD in C:\xampp\htdocs\opencart\upload\system\library\cart\currency.php on line 30
2018-12-21 13:19:44 - PHP Notice:  Undefined index: USD in C:\xampp\htdocs\opencart\upload\system\library\cart\currency.php on line 25
2018-12-21 13:19:44 - PHP Notice:  Undefined index: USD in C:\xampp\htdocs\opencart\upload\system\library\cart\currency.php on line 26
2018-12-21 13:19:44 - PHP Notice:  Undefined index: USD in C:\xampp\htdocs\opencart\upload\system\library\cart\currency.php on line 27
2018-12-21 13:19:44 - PHP Notice:  Undefined index: USD in C:\xampp\htdocs\opencart\upload\system\library\cart\currency.php on line 30
2018-12-21 13:19:44 - PHP Notice:  Undefined index: USD in C:\xampp\htdocs\opencart\upload\system\library\cart\currency.php on line 25
2018-12-21 13:19:44 - PHP Notice:  Undefined index: USD in C:\xampp\htdocs\opencart\upload\system\library\cart\currency.php on line 26
2018-12-21 13:19:44 - PHP Notice:  Undefined index: USD in C:\xampp\htdocs\opencart\upload\system\library\cart\currency.php on line 27
2018-12-21 13:19:44 - PHP Notice:  Undefined index: USD in C:\xampp\htdocs\opencart\upload\system\library\cart\currency.php on line 30
2018-12-21 13:19:44 - PHP Notice:  Undefined index: USD in C:\xampp\htdocs\opencart\upload\system\library\cart\currency.php on line 25
2018-12-21 13:19:44 - PHP Notice:  Undefined index: USD in C:\xampp\htdocs\opencart\upload\system\library\cart\currency.php on line 26
2018-12-21 13:19:44 - PHP Notice:  Undefined index: USD in C:\xampp\htdocs\opencart\upload\system\library\cart\currency.php on line 27
2018-12-21 13:19:44 - PHP Notice:  Undefined index: USD in C:\xampp\htdocs\opencart\upload\system\library\cart\currency.php on line 30
2018-12-21 13:19:44 - PHP Notice:  Undefined index: USD in C:\xampp\htdocs\opencart\upload\system\library\cart\currency.php on line 25
2018-12-21 13:19:44 - PHP Notice:  Undefined index: USD in C:\xampp\htdocs\opencart\upload\system\library\cart\currency.php on line 26
2018-12-21 13:19:44 - PHP Notice:  Undefined index: USD in C:\xampp\htdocs\opencart\upload\system\library\cart\currency.php on line 27
2018-12-21 13:19:44 - PHP Notice:  Undefined index: USD in C:\xampp\htdocs\opencart\upload\system\library\cart\currency.php on line 30
2018-12-21 13:19:44 - PHP Notice:  Undefined index: USD in C:\xampp\htdocs\opencart\upload\system\library\cart\currency.php on line 25
2018-12-21 13:19:44 - PHP Notice:  Undefined index: USD in C:\xampp\htdocs\opencart\upload\system\library\cart\currency.php on line 26
2018-12-21 13:19:44 - PHP Notice:  Undefined index: USD in C:\xampp\htdocs\opencart\upload\system\library\cart\currency.php on line 27
2018-12-21 13:19:44 - PHP Notice:  Undefined index: USD in C:\xampp\htdocs\opencart\upload\system\library\cart\currency.php on line 30
2018-12-21 13:19:44 - PHP Notice:  Undefined index: USD in C:\xampp\htdocs\opencart\upload\system\library\cart\currency.php on line 25
2018-12-21 13:19:44 - PHP Notice:  Undefined index: USD in C:\xampp\htdocs\opencart\upload\system\library\cart\currency.php on line 26
2018-12-21 13:19:44 - PHP Notice:  Undefined index: USD in C:\xampp\htdocs\opencart\upload\system\library\cart\currency.php on line 27
2018-12-21 13:19:44 - PHP Notice:  Undefined index: USD in C:\xampp\htdocs\opencart\upload\system\library\cart\currency.php on line 30
2018-12-21 13:19:44 - PHP Notice:  Undefined index: USD in C:\xampp\htdocs\opencart\upload\system\library\cart\currency.php on line 25
2018-12-21 13:19:44 - PHP Notice:  Undefined index: USD in C:\xampp\htdocs\opencart\upload\system\library\cart\currency.php on line 26
2018-12-21 13:19:44 - PHP Notice:  Undefined index: USD in C:\xampp\htdocs\opencart\upload\system\library\cart\currency.php on line 27
2018-12-21 13:19:44 - PHP Notice:  Undefined index: USD in C:\xampp\htdocs\opencart\upload\system\library\cart\currency.php on line 30
2018-12-21 13:19:44 - PHP Notice:  Undefined index: USD in C:\xampp\htdocs\opencart\upload\system\library\cart\currency.php on line 25
2018-12-21 13:19:44 - PHP Notice:  Undefined index: USD in C:\xampp\htdocs\opencart\upload\system\library\cart\currency.php on line 26
2018-12-21 13:19:44 - PHP Notice:  Undefined index: USD in C:\xampp\htdocs\opencart\upload\system\library\cart\currency.php on line 27
2018-12-21 13:19:44 - PHP Notice:  Undefined index: USD in C:\xampp\htdocs\opencart\upload\system\library\cart\currency.php on line 30
2018-12-21 13:19:44 - PHP Notice:  Undefined index: USD in C:\xampp\htdocs\opencart\upload\system\library\cart\currency.php on line 25
2018-12-21 13:19:44 - PHP Notice:  Undefined index: USD in C:\xampp\htdocs\opencart\upload\system\library\cart\currency.php on line 26
2018-12-21 13:19:44 - PHP Notice:  Undefined index: USD in C:\xampp\htdocs\opencart\upload\system\library\cart\currency.php on line 27
2018-12-21 13:19:44 - PHP Notice:  Undefined index: USD in C:\xampp\htdocs\opencart\upload\system\library\cart\currency.php on line 30
2018-12-21 13:19:44 - PHP Notice:  Undefined index: USD in C:\xampp\htdocs\opencart\upload\system\library\cart\currency.php on line 25
2018-12-21 13:19:44 - PHP Notice:  Undefined index: USD in C:\xampp\htdocs\opencart\upload\system\library\cart\currency.php on line 26
2018-12-21 13:19:44 - PHP Notice:  Undefined index: USD in C:\xampp\htdocs\opencart\upload\system\library\cart\currency.php on line 27
2018-12-21 13:19:44 - PHP Notice:  Undefined index: USD in C:\xampp\htdocs\opencart\upload\system\library\cart\currency.php on line 30
2018-12-21 13:19:44 - PHP Notice:  Undefined index: USD in C:\xampp\htdocs\opencart\upload\system\library\cart\currency.php on line 25
2018-12-21 13:19:44 - PHP Notice:  Undefined index: USD in C:\xampp\htdocs\opencart\upload\system\library\cart\currency.php on line 26
2018-12-21 13:19:44 - PHP Notice:  Undefined index: USD in C:\xampp\htdocs\opencart\upload\system\library\cart\currency.php on line 27
2018-12-21 13:19:44 - PHP Notice:  Undefined index: USD in C:\xampp\htdocs\opencart\upload\system\library\cart\currency.php on line 30
2018-12-21 13:19:45 - PHP Notice:  Undefined index: USD in C:\xampp\htdocs\opencart\upload\system\library\cart\currency.php on line 25
2018-12-21 13:19:45 - PHP Notice:  Undefined index: USD in C:\xampp\htdocs\opencart\upload\system\library\cart\currency.php on line 26
2018-12-21 13:19:45 - PHP Notice:  Undefined index: USD in C:\xampp\htdocs\opencart\upload\system\library\cart\currency.php on line 27
2018-12-21 13:19:45 - PHP Notice:  Undefined index: USD in C:\xampp\htdocs\opencart\upload\system\library\cart\currency.php on line 30
2018-12-21 13:19:45 - PHP Notice:  Undefined index: USD in C:\xampp\htdocs\opencart\upload\system\library\cart\currency.php on line 25
2018-12-21 13:19:45 - PHP Notice:  Undefined index: USD in C:\xampp\htdocs\opencart\upload\system\library\cart\currency.php on line 26
2018-12-21 13:19:45 - PHP Notice:  Undefined index: USD in C:\xampp\htdocs\opencart\upload\system\library\cart\currency.php on line 27
2018-12-21 13:19:45 - PHP Notice:  Undefined index: USD in C:\xampp\htdocs\opencart\upload\system\library\cart\currency.php on line 30
2018-12-21 13:19:45 - PHP Notice:  Undefined index: USD in C:\xampp\htdocs\opencart\upload\system\library\cart\currency.php on line 25
2018-12-21 13:19:45 - PHP Notice:  Undefined index: USD in C:\xampp\htdocs\opencart\upload\system\library\cart\currency.php on line 26
2018-12-21 13:19:45 - PHP Notice:  Undefined index: USD in C:\xampp\htdocs\opencart\upload\system\library\cart\currency.php on line 27
2018-12-21 13:19:45 - PHP Notice:  Undefined index: USD in C:\xampp\htdocs\opencart\upload\system\library\cart\currency.php on line 30
2018-12-21 13:19:45 - PHP Notice:  Undefined index: USD in C:\xampp\htdocs\opencart\upload\system\library\cart\currency.php on line 25
2018-12-21 13:19:45 - PHP Notice:  Undefined index: USD in C:\xampp\htdocs\opencart\upload\system\library\cart\currency.php on line 26
2018-12-21 13:19:45 - PHP Notice:  Undefined index: USD in C:\xampp\htdocs\opencart\upload\system\library\cart\currency.php on line 27
2018-12-21 13:19:45 - PHP Notice:  Undefined index: USD in C:\xampp\htdocs\opencart\upload\system\library\cart\currency.php on line 30
2018-12-21 13:19:45 - PHP Notice:  Undefined index: USD in C:\xampp\htdocs\opencart\upload\system\library\cart\currency.php on line 25
2018-12-21 13:19:45 - PHP Notice:  Undefined index: USD in C:\xampp\htdocs\opencart\upload\system\library\cart\currency.php on line 26
2018-12-21 13:19:45 - PHP Notice:  Undefined index: USD in C:\xampp\htdocs\opencart\upload\system\library\cart\currency.php on line 27
2018-12-21 13:19:45 - PHP Notice:  Undefined index: USD in C:\xampp\htdocs\opencart\upload\system\library\cart\currency.php on line 30
2018-12-21 13:19:45 - PHP Notice:  Undefined index: USD in C:\xampp\htdocs\opencart\upload\system\library\cart\currency.php on line 25
2018-12-21 13:19:45 - PHP Notice:  Undefined index: USD in C:\xampp\htdocs\opencart\upload\system\library\cart\currency.php on line 26
2018-12-21 13:19:45 - PHP Notice:  Undefined index: USD in C:\xampp\htdocs\opencart\upload\system\library\cart\currency.php on line 27
2018-12-21 13:19:45 - PHP Notice:  Undefined index: USD in C:\xampp\htdocs\opencart\upload\system\library\cart\currency.php on line 30
2018-12-21 13:19:45 - PHP Notice:  Undefined index: USD in C:\xampp\htdocs\opencart\upload\system\library\cart\currency.php on line 25
2018-12-21 13:19:45 - PHP Notice:  Undefined index: USD in C:\xampp\htdocs\opencart\upload\system\library\cart\currency.php on line 26
2018-12-21 13:19:45 - PHP Notice:  Undefined index: USD in C:\xampp\htdocs\opencart\upload\system\library\cart\currency.php on line 27
2018-12-21 13:19:45 - PHP Notice:  Undefined index: USD in C:\xampp\htdocs\opencart\upload\system\library\cart\currency.php on line 30
2018-12-21 13:19:45 - PHP Notice:  Undefined index: USD in C:\xampp\htdocs\opencart\upload\system\library\cart\currency.php on line 25
2018-12-21 13:19:45 - PHP Notice:  Undefined index: USD in C:\xampp\htdocs\opencart\upload\system\library\cart\currency.php on line 26
2018-12-21 13:19:45 - PHP Notice:  Undefined index: USD in C:\xampp\htdocs\opencart\upload\system\library\cart\currency.php on line 27
2018-12-21 13:19:45 - PHP Notice:  Undefined index: USD in C:\xampp\htdocs\opencart\upload\system\library\cart\currency.php on line 30
2018-12-21 13:19:45 - PHP Notice:  Undefined index: USD in C:\xampp\htdocs\opencart\upload\system\library\cart\currency.php on line 25
2018-12-21 13:19:45 - PHP Notice:  Undefined index: USD in C:\xampp\htdocs\opencart\upload\system\library\cart\currency.php on line 26
2018-12-21 13:19:45 - PHP Notice:  Undefined index: USD in C:\xampp\htdocs\opencart\upload\system\library\cart\currency.php on line 27
2018-12-21 13:19:45 - PHP Notice:  Undefined index: USD in C:\xampp\htdocs\opencart\upload\system\library\cart\currency.php on line 30
2018-12-21 13:19:45 - PHP Notice:  Undefined index: USD in C:\xampp\htdocs\opencart\upload\system\library\cart\currency.php on line 25
2018-12-21 13:19:45 - PHP Notice:  Undefined index: USD in C:\xampp\htdocs\opencart\upload\system\library\cart\currency.php on line 26
2018-12-21 13:19:45 - PHP Notice:  Undefined index: USD in C:\xampp\htdocs\opencart\upload\system\library\cart\currency.php on line 27
2018-12-21 13:19:45 - PHP Notice:  Undefined index: USD in C:\xampp\htdocs\opencart\upload\system\library\cart\currency.php on line 30
2018-12-21 13:19:45 - PHP Notice:  Undefined index: USD in C:\xampp\htdocs\opencart\upload\system\library\cart\currency.php on line 25
2018-12-21 13:19:45 - PHP Notice:  Undefined index: USD in C:\xampp\htdocs\opencart\upload\system\library\cart\currency.php on line 26
2018-12-21 13:19:45 - PHP Notice:  Undefined index: USD in C:\xampp\htdocs\opencart\upload\system\library\cart\currency.php on line 27
2018-12-21 13:19:45 - PHP Notice:  Undefined index: USD in C:\xampp\htdocs\opencart\upload\system\library\cart\currency.php on line 30
2018-12-21 13:19:45 - PHP Notice:  Undefined index: USD in C:\xampp\htdocs\opencart\upload\system\library\cart\currency.php on line 25
2018-12-21 13:19:45 - PHP Notice:  Undefined index: USD in C:\xampp\htdocs\opencart\upload\system\library\cart\currency.php on line 26
2018-12-21 13:19:45 - PHP Notice:  Undefined index: USD in C:\xampp\htdocs\opencart\upload\system\library\cart\currency.php on line 27
2018-12-21 13:19:45 - PHP Notice:  Undefined index: USD in C:\xampp\htdocs\opencart\upload\system\library\cart\currency.php on line 30
2018-12-21 13:19:45 - PHP Notice:  Undefined index: USD in C:\xampp\htdocs\opencart\upload\system\library\cart\currency.php on line 25
2018-12-21 13:19:45 - PHP Notice:  Undefined index: USD in C:\xampp\htdocs\opencart\upload\system\library\cart\currency.php on line 26
2018-12-21 13:19:45 - PHP Notice:  Undefined index: USD in C:\xampp\htdocs\opencart\upload\system\library\cart\currency.php on line 27
2018-12-21 13:19:45 - PHP Notice:  Undefined index: USD in C:\xampp\htdocs\opencart\upload\system\library\cart\currency.php on line 30
2018-12-21 13:25:59 - PHP Notice:  Undefined index: USD in C:\xampp\htdocs\opencart\upload\system\library\cart\currency.php on line 25
2018-12-21 13:25:59 - PHP Notice:  Undefined index: USD in C:\xampp\htdocs\opencart\upload\system\library\cart\currency.php on line 26
2018-12-21 13:25:59 - PHP Notice:  Undefined index: USD in C:\xampp\htdocs\opencart\upload\system\library\cart\currency.php on line 27
2018-12-21 13:25:59 - PHP Notice:  Undefined index: USD in C:\xampp\htdocs\opencart\upload\system\library\cart\currency.php on line 30
2018-12-21 13:25:59 - PHP Notice:  Undefined index: USD in C:\xampp\htdocs\opencart\upload\system\library\cart\currency.php on line 25
2018-12-21 13:25:59 - PHP Notice:  Undefined index: USD in C:\xampp\htdocs\opencart\upload\system\library\cart\currency.php on line 26
2018-12-21 13:25:59 - PHP Notice:  Undefined index: USD in C:\xampp\htdocs\opencart\upload\system\library\cart\currency.php on line 27
2018-12-21 13:25:59 - PHP Notice:  Undefined index: USD in C:\xampp\htdocs\opencart\upload\system\library\cart\currency.php on line 30
2018-12-21 13:25:59 - PHP Notice:  Undefined index: USD in C:\xampp\htdocs\opencart\upload\system\library\cart\currency.php on line 25
2018-12-21 13:25:59 - PHP Notice:  Undefined index: USD in C:\xampp\htdocs\opencart\upload\system\library\cart\currency.php on line 26
2018-12-21 13:25:59 - PHP Notice:  Undefined index: USD in C:\xampp\htdocs\opencart\upload\system\library\cart\currency.php on line 27
2018-12-21 13:25:59 - PHP Notice:  Undefined index: USD in C:\xampp\htdocs\opencart\upload\system\library\cart\currency.php on line 30
2018-12-21 13:25:59 - PHP Notice:  Undefined index: USD in C:\xampp\htdocs\opencart\upload\system\library\cart\currency.php on line 25
2018-12-21 13:25:59 - PHP Notice:  Undefined index: USD in C:\xampp\htdocs\opencart\upload\system\library\cart\currency.php on line 26
2018-12-21 13:25:59 - PHP Notice:  Undefined index: USD in C:\xampp\htdocs\opencart\upload\system\library\cart\currency.php on line 27
2018-12-21 13:25:59 - PHP Notice:  Undefined index: USD in C:\xampp\htdocs\opencart\upload\system\library\cart\currency.php on line 30
2018-12-21 13:25:59 - PHP Notice:  Undefined index: USD in C:\xampp\htdocs\opencart\upload\system\library\cart\currency.php on line 25
2018-12-21 13:25:59 - PHP Notice:  Undefined index: USD in C:\xampp\htdocs\opencart\upload\system\library\cart\currency.php on line 26
2018-12-21 13:25:59 - PHP Notice:  Undefined index: USD in C:\xampp\htdocs\opencart\upload\system\library\cart\currency.php on line 27
2018-12-21 13:25:59 - PHP Notice:  Undefined index: USD in C:\xampp\htdocs\opencart\upload\system\library\cart\currency.php on line 30
2018-12-21 13:25:59 - PHP Notice:  Undefined index: USD in C:\xampp\htdocs\opencart\upload\system\library\cart\currency.php on line 25
2018-12-21 13:25:59 - PHP Notice:  Undefined index: USD in C:\xampp\htdocs\opencart\upload\system\library\cart\currency.php on line 26
2018-12-21 13:25:59 - PHP Notice:  Undefined index: USD in C:\xampp\htdocs\opencart\upload\system\library\cart\currency.php on line 27
2018-12-21 13:25:59 - PHP Notice:  Undefined index: USD in C:\xampp\htdocs\opencart\upload\system\library\cart\currency.php on line 30
2018-12-21 13:25:59 - PHP Notice:  Undefined index: USD in C:\xampp\htdocs\opencart\upload\system\library\cart\currency.php on line 25
2018-12-21 13:25:59 - PHP Notice:  Undefined index: USD in C:\xampp\htdocs\opencart\upload\system\library\cart\currency.php on line 26
2018-12-21 13:25:59 - PHP Notice:  Undefined index: USD in C:\xampp\htdocs\opencart\upload\system\library\cart\currency.php on line 27
2018-12-21 13:25:59 - PHP Notice:  Undefined index: USD in C:\xampp\htdocs\opencart\upload\system\library\cart\currency.php on line 30
2018-12-21 13:25:59 - PHP Notice:  Undefined index: USD in C:\xampp\htdocs\opencart\upload\system\library\cart\currency.php on line 25
2018-12-21 13:25:59 - PHP Notice:  Undefined index: USD in C:\xampp\htdocs\opencart\upload\system\library\cart\currency.php on line 26
2018-12-21 13:25:59 - PHP Notice:  Undefined index: USD in C:\xampp\htdocs\opencart\upload\system\library\cart\currency.php on line 27
2018-12-21 13:25:59 - PHP Notice:  Undefined index: USD in C:\xampp\htdocs\opencart\upload\system\library\cart\currency.php on line 30
2018-12-21 13:25:59 - PHP Notice:  Undefined index: USD in C:\xampp\htdocs\opencart\upload\system\library\cart\currency.php on line 25
2018-12-21 13:25:59 - PHP Notice:  Undefined index: USD in C:\xampp\htdocs\opencart\upload\system\library\cart\currency.php on line 26
2018-12-21 13:25:59 - PHP Notice:  Undefined index: USD in C:\xampp\htdocs\opencart\upload\system\library\cart\currency.php on line 27
2018-12-21 13:25:59 - PHP Notice:  Undefined index: USD in C:\xampp\htdocs\opencart\upload\system\library\cart\currency.php on line 30
2018-12-21 13:25:59 - PHP Notice:  Undefined index: USD in C:\xampp\htdocs\opencart\upload\system\library\cart\currency.php on line 25
2018-12-21 13:25:59 - PHP Notice:  Undefined index: USD in C:\xampp\htdocs\opencart\upload\system\library\cart\currency.php on line 26
2018-12-21 13:25:59 - PHP Notice:  Undefined index: USD in C:\xampp\htdocs\opencart\upload\system\library\cart\currency.php on line 27
2018-12-21 13:25:59 - PHP Notice:  Undefined index: USD in C:\xampp\htdocs\opencart\upload\system\library\cart\currency.php on line 30
2018-12-21 13:25:59 - PHP Notice:  Undefined index: USD in C:\xampp\htdocs\opencart\upload\system\library\cart\currency.php on line 25
2018-12-21 13:25:59 - PHP Notice:  Undefined index: USD in C:\xampp\htdocs\opencart\upload\system\library\cart\currency.php on line 26
2018-12-21 13:25:59 - PHP Notice:  Undefined index: USD in C:\xampp\htdocs\opencart\upload\system\library\cart\currency.php on line 27
2018-12-21 13:25:59 - PHP Notice:  Undefined index: USD in C:\xampp\htdocs\opencart\upload\system\library\cart\currency.php on line 30
2018-12-21 13:25:59 - PHP Notice:  Undefined index: USD in C:\xampp\htdocs\opencart\upload\system\library\cart\currency.php on line 25
2018-12-21 13:25:59 - PHP Notice:  Undefined index: USD in C:\xampp\htdocs\opencart\upload\system\library\cart\currency.php on line 26
2018-12-21 13:25:59 - PHP Notice:  Undefined index: USD in C:\xampp\htdocs\opencart\upload\system\library\cart\currency.php on line 27
2018-12-21 13:25:59 - PHP Notice:  Undefined index: USD in C:\xampp\htdocs\opencart\upload\system\library\cart\currency.php on line 30
2018-12-21 13:25:59 - PHP Notice:  Undefined index: USD in C:\xampp\htdocs\opencart\upload\system\library\cart\currency.php on line 25
2018-12-21 13:25:59 - PHP Notice:  Undefined index: USD in C:\xampp\htdocs\opencart\upload\system\library\cart\currency.php on line 26
2018-12-21 13:25:59 - PHP Notice:  Undefined index: USD in C:\xampp\htdocs\opencart\upload\system\library\cart\currency.php on line 27
2018-12-21 13:25:59 - PHP Notice:  Undefined index: USD in C:\xampp\htdocs\opencart\upload\system\library\cart\currency.php on line 30
2018-12-21 13:26:00 - PHP Notice:  Undefined index: USD in C:\xampp\htdocs\opencart\upload\system\library\cart\currency.php on line 25
2018-12-21 13:26:00 - PHP Notice:  Undefined index: USD in C:\xampp\htdocs\opencart\upload\system\library\cart\currency.php on line 26
2018-12-21 13:26:00 - PHP Notice:  Undefined index: USD in C:\xampp\htdocs\opencart\upload\system\library\cart\currency.php on line 27
2018-12-21 13:26:00 - PHP Notice:  Undefined index: USD in C:\xampp\htdocs\opencart\upload\system\library\cart\currency.php on line 30
2018-12-21 13:26:00 - PHP Notice:  Undefined index: USD in C:\xampp\htdocs\opencart\upload\system\library\cart\currency.php on line 25
2018-12-21 13:26:00 - PHP Notice:  Undefined index: USD in C:\xampp\htdocs\opencart\upload\system\library\cart\currency.php on line 26
2018-12-21 13:26:00 - PHP Notice:  Undefined index: USD in C:\xampp\htdocs\opencart\upload\system\library\cart\currency.php on line 27
2018-12-21 13:26:00 - PHP Notice:  Undefined index: USD in C:\xampp\htdocs\opencart\upload\system\library\cart\currency.php on line 30
2018-12-21 13:26:00 - PHP Notice:  Undefined index: USD in C:\xampp\htdocs\opencart\upload\system\library\cart\currency.php on line 25
2018-12-21 13:26:00 - PHP Notice:  Undefined index: USD in C:\xampp\htdocs\opencart\upload\system\library\cart\currency.php on line 26
2018-12-21 13:26:00 - PHP Notice:  Undefined index: USD in C:\xampp\htdocs\opencart\upload\system\library\cart\currency.php on line 27
2018-12-21 13:26:00 - PHP Notice:  Undefined index: USD in C:\xampp\htdocs\opencart\upload\system\library\cart\currency.php on line 30
2018-12-21 13:26:00 - PHP Notice:  Undefined index: USD in C:\xampp\htdocs\opencart\upload\system\library\cart\currency.php on line 25
2018-12-21 13:26:00 - PHP Notice:  Undefined index: USD in C:\xampp\htdocs\opencart\upload\system\library\cart\currency.php on line 26
2018-12-21 13:26:00 - PHP Notice:  Undefined index: USD in C:\xampp\htdocs\opencart\upload\system\library\cart\currency.php on line 27
2018-12-21 13:26:00 - PHP Notice:  Undefined index: USD in C:\xampp\htdocs\opencart\upload\system\library\cart\currency.php on line 30
2018-12-21 13:26:00 - PHP Notice:  Undefined index: USD in C:\xampp\htdocs\opencart\upload\system\library\cart\currency.php on line 25
2018-12-21 13:26:00 - PHP Notice:  Undefined index: USD in C:\xampp\htdocs\opencart\upload\system\library\cart\currency.php on line 26
2018-12-21 13:26:00 - PHP Notice:  Undefined index: USD in C:\xampp\htdocs\opencart\upload\system\library\cart\currency.php on line 27
2018-12-21 13:26:00 - PHP Notice:  Undefined index: USD in C:\xampp\htdocs\opencart\upload\system\library\cart\currency.php on line 30
2018-12-21 13:26:00 - PHP Notice:  Undefined index: USD in C:\xampp\htdocs\opencart\upload\system\library\cart\currency.php on line 25
2018-12-21 13:26:00 - PHP Notice:  Undefined index: USD in C:\xampp\htdocs\opencart\upload\system\library\cart\currency.php on line 26
2018-12-21 13:26:00 - PHP Notice:  Undefined index: USD in C:\xampp\htdocs\opencart\upload\system\library\cart\currency.php on line 27
2018-12-21 13:26:00 - PHP Notice:  Undefined index: USD in C:\xampp\htdocs\opencart\upload\system\library\cart\currency.php on line 30
2018-12-21 13:26:00 - PHP Notice:  Undefined index: USD in C:\xampp\htdocs\opencart\upload\system\library\cart\currency.php on line 25
2018-12-21 13:26:00 - PHP Notice:  Undefined index: USD in C:\xampp\htdocs\opencart\upload\system\library\cart\currency.php on line 26
2018-12-21 13:26:00 - PHP Notice:  Undefined index: USD in C:\xampp\htdocs\opencart\upload\system\library\cart\currency.php on line 27
2018-12-21 13:26:00 - PHP Notice:  Undefined index: USD in C:\xampp\htdocs\opencart\upload\system\library\cart\currency.php on line 30
2018-12-21 13:26:00 - PHP Notice:  Undefined index: USD in C:\xampp\htdocs\opencart\upload\system\library\cart\currency.php on line 25
2018-12-21 13:26:00 - PHP Notice:  Undefined index: USD in C:\xampp\htdocs\opencart\upload\system\library\cart\currency.php on line 26
2018-12-21 13:26:00 - PHP Notice:  Undefined index: USD in C:\xampp\htdocs\opencart\upload\system\library\cart\currency.php on line 27
2018-12-21 13:26:00 - PHP Notice:  Undefined index: USD in C:\xampp\htdocs\opencart\upload\system\library\cart\currency.php on line 30
2018-12-21 13:26:00 - PHP Notice:  Undefined index: USD in C:\xampp\htdocs\opencart\upload\system\library\cart\currency.php on line 25
2018-12-21 13:26:00 - PHP Notice:  Undefined index: USD in C:\xampp\htdocs\opencart\upload\system\library\cart\currency.php on line 26
2018-12-21 13:26:00 - PHP Notice:  Undefined index: USD in C:\xampp\htdocs\opencart\upload\system\library\cart\currency.php on line 27
2018-12-21 13:26:00 - PHP Notice:  Undefined index: USD in C:\xampp\htdocs\opencart\upload\system\library\cart\currency.php on line 30
2018-12-21 13:26:00 - PHP Notice:  Undefined index: USD in C:\xampp\htdocs\opencart\upload\system\library\cart\currency.php on line 25
2018-12-21 13:26:00 - PHP Notice:  Undefined index: USD in C:\xampp\htdocs\opencart\upload\system\library\cart\currency.php on line 26
2018-12-21 13:26:00 - PHP Notice:  Undefined index: USD in C:\xampp\htdocs\opencart\upload\system\library\cart\currency.php on line 27
2018-12-21 13:26:00 - PHP Notice:  Undefined index: USD in C:\xampp\htdocs\opencart\upload\system\library\cart\currency.php on line 30
2018-12-21 13:26:01 - PHP Notice:  Undefined index: USD in C:\xampp\htdocs\opencart\upload\system\library\cart\currency.php on line 25
2018-12-21 13:26:01 - PHP Notice:  Undefined index: USD in C:\xampp\htdocs\opencart\upload\system\library\cart\currency.php on line 26
2018-12-21 13:26:01 - PHP Notice:  Undefined index: USD in C:\xampp\htdocs\opencart\upload\system\library\cart\currency.php on line 27
2018-12-21 13:26:01 - PHP Notice:  Undefined index: USD in C:\xampp\htdocs\opencart\upload\system\library\cart\currency.php on line 30
2018-12-21 13:26:01 - PHP Notice:  Undefined index: USD in C:\xampp\htdocs\opencart\upload\system\library\cart\currency.php on line 25
2018-12-21 13:26:01 - PHP Notice:  Undefined index: USD in C:\xampp\htdocs\opencart\upload\system\library\cart\currency.php on line 26
2018-12-21 13:26:01 - PHP Notice:  Undefined index: USD in C:\xampp\htdocs\opencart\upload\system\library\cart\currency.php on line 27
2018-12-21 13:26:01 - PHP Notice:  Undefined index: USD in C:\xampp\htdocs\opencart\upload\system\library\cart\currency.php on line 30
2018-12-21 13:26:01 - PHP Notice:  Undefined index: USD in C:\xampp\htdocs\opencart\upload\system\library\cart\currency.php on line 25
2018-12-21 13:26:01 - PHP Notice:  Undefined index: USD in C:\xampp\htdocs\opencart\upload\system\library\cart\currency.php on line 26
2018-12-21 13:26:01 - PHP Notice:  Undefined index: USD in C:\xampp\htdocs\opencart\upload\system\library\cart\currency.php on line 27
2018-12-21 13:26:01 - PHP Notice:  Undefined index: USD in C:\xampp\htdocs\opencart\upload\system\library\cart\currency.php on line 30
2018-12-21 13:26:02 - PHP Notice:  Undefined index: USD in C:\xampp\htdocs\opencart\upload\system\library\cart\currency.php on line 25
2018-12-21 13:26:02 - PHP Notice:  Undefined index: USD in C:\xampp\htdocs\opencart\upload\system\library\cart\currency.php on line 26
2018-12-21 13:26:02 - PHP Notice:  Undefined index: USD in C:\xampp\htdocs\opencart\upload\system\library\cart\currency.php on line 27
2018-12-21 13:26:02 - PHP Notice:  Undefined index: USD in C:\xampp\htdocs\opencart\upload\system\library\cart\currency.php on line 30
2018-12-21 13:26:02 - PHP Notice:  Undefined index: USD in C:\xampp\htdocs\opencart\upload\system\library\cart\currency.php on line 25
2018-12-21 13:26:02 - PHP Notice:  Undefined index: USD in C:\xampp\htdocs\opencart\upload\system\library\cart\currency.php on line 26
2018-12-21 13:26:02 - PHP Notice:  Undefined index: USD in C:\xampp\htdocs\opencart\upload\system\library\cart\currency.php on line 27
2018-12-21 13:26:02 - PHP Notice:  Undefined index: USD in C:\xampp\htdocs\opencart\upload\system\library\cart\currency.php on line 30
2018-12-21 13:26:02 - PHP Notice:  Undefined index: USD in C:\xampp\htdocs\opencart\upload\system\library\cart\currency.php on line 25
2018-12-21 13:26:02 - PHP Notice:  Undefined index: USD in C:\xampp\htdocs\opencart\upload\system\library\cart\currency.php on line 26
2018-12-21 13:26:02 - PHP Notice:  Undefined index: USD in C:\xampp\htdocs\opencart\upload\system\library\cart\currency.php on line 27
2018-12-21 13:26:02 - PHP Notice:  Undefined index: USD in C:\xampp\htdocs\opencart\upload\system\library\cart\currency.php on line 30
2018-12-21 13:26:02 - PHP Notice:  Undefined index: USD in C:\xampp\htdocs\opencart\upload\system\library\cart\currency.php on line 25
2018-12-21 13:26:02 - PHP Notice:  Undefined index: USD in C:\xampp\htdocs\opencart\upload\system\library\cart\currency.php on line 26
2018-12-21 13:26:02 - PHP Notice:  Undefined index: USD in C:\xampp\htdocs\opencart\upload\system\library\cart\currency.php on line 27
2018-12-21 13:26:02 - PHP Notice:  Undefined index: USD in C:\xampp\htdocs\opencart\upload\system\library\cart\currency.php on line 30
2018-12-21 13:26:02 - PHP Notice:  Undefined index: USD in C:\xampp\htdocs\opencart\upload\system\library\cart\currency.php on line 25
2018-12-21 13:26:02 - PHP Notice:  Undefined index: USD in C:\xampp\htdocs\opencart\upload\system\library\cart\currency.php on line 26
2018-12-21 13:26:02 - PHP Notice:  Undefined index: USD in C:\xampp\htdocs\opencart\upload\system\library\cart\currency.php on line 27
2018-12-21 13:26:02 - PHP Notice:  Undefined index: USD in C:\xampp\htdocs\opencart\upload\system\library\cart\currency.php on line 30
2018-12-21 13:26:02 - PHP Notice:  Undefined index: USD in C:\xampp\htdocs\opencart\upload\system\library\cart\currency.php on line 25
2018-12-21 13:26:02 - PHP Notice:  Undefined index: USD in C:\xampp\htdocs\opencart\upload\system\library\cart\currency.php on line 26
2018-12-21 13:26:02 - PHP Notice:  Undefined index: USD in C:\xampp\htdocs\opencart\upload\system\library\cart\currency.php on line 27
2018-12-21 13:26:02 - PHP Notice:  Undefined index: USD in C:\xampp\htdocs\opencart\upload\system\library\cart\currency.php on line 30
2018-12-21 13:26:02 - PHP Notice:  Undefined index: USD in C:\xampp\htdocs\opencart\upload\system\library\cart\currency.php on line 25
2018-12-21 13:26:02 - PHP Notice:  Undefined index: USD in C:\xampp\htdocs\opencart\upload\system\library\cart\currency.php on line 26
2018-12-21 13:26:02 - PHP Notice:  Undefined index: USD in C:\xampp\htdocs\opencart\upload\system\library\cart\currency.php on line 27
2018-12-21 13:26:02 - PHP Notice:  Undefined index: USD in C:\xampp\htdocs\opencart\upload\system\library\cart\currency.php on line 30
2018-12-21 13:26:02 - PHP Notice:  Undefined index: USD in C:\xampp\htdocs\opencart\upload\system\library\cart\currency.php on line 25
2018-12-21 13:26:02 - PHP Notice:  Undefined index: USD in C:\xampp\htdocs\opencart\upload\system\library\cart\currency.php on line 26
2018-12-21 13:26:02 - PHP Notice:  Undefined index: USD in C:\xampp\htdocs\opencart\upload\system\library\cart\currency.php on line 27
2018-12-21 13:26:02 - PHP Notice:  Undefined index: USD in C:\xampp\htdocs\opencart\upload\system\library\cart\currency.php on line 30
2018-12-21 13:26:02 - PHP Notice:  Undefined index: USD in C:\xampp\htdocs\opencart\upload\system\library\cart\currency.php on line 25
2018-12-21 13:26:02 - PHP Notice:  Undefined index: USD in C:\xampp\htdocs\opencart\upload\system\library\cart\currency.php on line 26
2018-12-21 13:26:02 - PHP Notice:  Undefined index: USD in C:\xampp\htdocs\opencart\upload\system\library\cart\currency.php on line 27
2018-12-21 13:26:02 - PHP Notice:  Undefined index: USD in C:\xampp\htdocs\opencart\upload\system\library\cart\currency.php on line 30
2018-12-21 13:26:02 - PHP Notice:  Undefined index: USD in C:\xampp\htdocs\opencart\upload\system\library\cart\currency.php on line 25
2018-12-21 13:26:02 - PHP Notice:  Undefined index: USD in C:\xampp\htdocs\opencart\upload\system\library\cart\currency.php on line 26
2018-12-21 13:26:02 - PHP Notice:  Undefined index: USD in C:\xampp\htdocs\opencart\upload\system\library\cart\currency.php on line 27
2018-12-21 13:26:02 - PHP Notice:  Undefined index: USD in C:\xampp\htdocs\opencart\upload\system\library\cart\currency.php on line 30
2018-12-21 13:26:02 - PHP Notice:  Undefined index: USD in C:\xampp\htdocs\opencart\upload\system\library\cart\currency.php on line 25
2018-12-21 13:26:02 - PHP Notice:  Undefined index: USD in C:\xampp\htdocs\opencart\upload\system\library\cart\currency.php on line 26
2018-12-21 13:26:02 - PHP Notice:  Undefined index: USD in C:\xampp\htdocs\opencart\upload\system\library\cart\currency.php on line 27
2018-12-21 13:26:02 - PHP Notice:  Undefined index: USD in C:\xampp\htdocs\opencart\upload\system\library\cart\currency.php on line 30
2018-12-21 13:26:02 - PHP Notice:  Undefined index: USD in C:\xampp\htdocs\opencart\upload\system\library\cart\currency.php on line 25
2018-12-21 13:26:02 - PHP Notice:  Undefined index: USD in C:\xampp\htdocs\opencart\upload\system\library\cart\currency.php on line 26
2018-12-21 13:26:02 - PHP Notice:  Undefined index: USD in C:\xampp\htdocs\opencart\upload\system\library\cart\currency.php on line 27
2018-12-21 13:26:02 - PHP Notice:  Undefined index: USD in C:\xampp\htdocs\opencart\upload\system\library\cart\currency.php on line 30
2018-12-21 13:26:02 - PHP Notice:  Undefined index: USD in C:\xampp\htdocs\opencart\upload\system\library\cart\currency.php on line 25
2018-12-21 13:26:02 - PHP Notice:  Undefined index: USD in C:\xampp\htdocs\opencart\upload\system\library\cart\currency.php on line 26
2018-12-21 13:26:02 - PHP Notice:  Undefined index: USD in C:\xampp\htdocs\opencart\upload\system\library\cart\currency.php on line 27
2018-12-21 13:26:02 - PHP Notice:  Undefined index: USD in C:\xampp\htdocs\opencart\upload\system\library\cart\currency.php on line 30
2018-12-23 14:49:21 - PHP Notice:  Undefined index: token in C:\xampp\htdocs\opencart\upload\admin\controller\extension\payment\opay.php on line 22
2018-12-23 14:53:02 - PHP Notice:  Undefined index: token in C:\xampp\htdocs\opencart\upload\admin\controller\extension\payment\opay.php on line 22
2018-12-23 14:58:53 - PHP Notice:  Undefined index: token in C:\xampp\htdocs\opencart\upload\admin\controller\extension\payment\opay.php on line 22
2018-12-23 15:02:26 - PHP Notice:  Undefined index: token in C:\xampp\htdocs\opencart\upload\admin\controller\extension\payment\opay.php on line 22
2018-12-24 9:25:34 - PHP Notice:  Undefined index: token in C:\xampp\htdocs\opencart\upload\admin\controller\extension\payment\opay.php on line 22
2018-12-25 9:14:06 - PHP Notice:  Undefined index: token in C:\xampp\htdocs\opencart\upload\admin\controller\extension\payment\opay.php on line 22
2018-12-25 9:21:51 - PHP Notice:  Undefined index: token in C:\xampp\htdocs\opencart\upload\admin\controller\extension\payment\opay.php on line 22
2018-12-25 9:25:51 - PHP Notice:  Undefined index: token in C:\xampp\htdocs\opencart\upload\admin\controller\extension\payment\opay.php on line 22
2018-12-25 9:27:24 - PHP Notice:  Undefined index: token in C:\xampp\htdocs\opencart\upload\admin\controller\extension\payment\opay.php on line 22
2018-12-25 18:31:17 - PHP Warning:  mail(): Failed to connect to mailserver at &quot;localhost&quot; port 25, verify your &quot;SMTP&quot; and &quot;smtp_port&quot; setting in php.ini or use ini_set() in C:\xampp\htdocs\opencart\upload\system\library\mail\mail.php on line 77
